GET 304 ( /api/docs/ ) ( 2022-11-21T14:08:33.948Z ) 7.381 ms
GET 304 ( /api/docs/swagger-ui-init.js ) ( 2022-11-21T14:08:33.951Z ) 0.507 ms
GET 304 ( /api/docs/swagger-ui.css ) ( 2022-11-21T14:08:33.962Z ) 6.549 ms
GET 304 ( /api/docs/swagger-ui-standalone-preset.js ) ( 2022-11-21T14:08:33.963Z ) 4.812 ms
GET 304 ( /api/docs/swagger-ui-bundle.js ) ( 2022-11-21T14:08:33.963Z ) 4.491 ms
GET 304 ( /api/docs/ ) ( 2022-11-21T14:08:40.035Z ) 0.663 ms
POST 200 ( /api/user/getusers ) ( 2022-11-21T14:10:03.134Z ) 14.909 ms
GET 200 ( /api/docs/ ) ( 2022-11-21T14:10:10.799Z ) 2.905 ms
GET 304 ( /api/docs/swagger-ui-init.js ) ( 2022-11-21T14:10:10.805Z ) 0.376 ms
GET 304 ( /api/docs/swagger-ui.css ) ( 2022-11-21T14:10:10.810Z ) 2.634 ms
GET 304 ( /api/docs/swagger-ui-standalone-preset.js ) ( 2022-11-21T14:10:10.811Z ) 2.356 ms
GET 304 ( /api/docs/swagger-ui-bundle.js ) ( 2022-11-21T14:10:10.812Z ) 2.807 ms
GET 304 ( /api/docs/ ) ( 2022-11-21T14:13:43.046Z ) 4.498 ms
GET 200 ( /api/docs/ ) ( 2022-11-21T14:13:43.595Z ) 1.586 ms
GET 304 ( /api/docs/swagger-ui-init.js ) ( 2022-11-21T14:13:43.601Z ) 0.305 ms
GET 304 ( /api/docs/swagger-ui.css ) ( 2022-11-21T14:13:43.607Z ) 4.799 ms
GET 304 ( /api/docs/swagger-ui-standalone-preset.js ) ( 2022-11-21T14:13:43.609Z ) 5.726 ms
GET 304 ( /api/docs/swagger-ui-bundle.js ) ( 2022-11-21T14:13:43.612Z ) 0.612 ms
GET 200 ( /api/docs/ ) ( 2022-11-21T14:13:55.773Z ) 4.136 ms
GET 304 ( /api/docs/swagger-ui.css ) ( 2022-11-21T14:13:55.785Z ) 2.219 ms
GET 304 ( /api/docs/swagger-ui-init.js ) ( 2022-11-21T14:13:55.787Z ) 0.417 ms
GET 304 ( /api/docs/swagger-ui-standalone-preset.js ) ( 2022-11-21T14:13:55.792Z ) 2.986 ms
GET 304 ( /api/docs/swagger-ui-bundle.js ) ( 2022-11-21T14:13:55.794Z ) 3.747 ms
GET 200 ( /api/docs/ ) ( 2022-11-21T14:14:11.292Z ) 4.052 ms
GET 200 ( /api/docs/ ) ( 2022-11-21T14:14:19.526Z ) 4.102 ms
GET 304 ( /api/docs/swagger-ui.css ) ( 2022-11-21T14:14:19.542Z ) 1.691 ms
GET 304 ( /api/docs/swagger-ui-init.js ) ( 2022-11-21T14:14:19.544Z ) 0.537 ms
GET 304 ( /api/docs/swagger-ui-standalone-preset.js ) ( 2022-11-21T14:14:19.547Z ) 0.809 ms
GET 304 ( /api/docs/swagger-ui-bundle.js ) ( 2022-11-21T14:14:19.553Z ) 2.151 ms
GET 200 ( /api/docs/ ) ( 2022-11-21T14:14:31.730Z ) 3.835 ms
GET 304 ( /api/docs/swagger-ui-init.js ) ( 2022-11-21T14:14:31.739Z ) 0.582 ms
GET 304 ( /api/docs/swagger-ui.css ) ( 2022-11-21T14:14:31.744Z ) 1.914 ms
GET 304 ( /api/docs/swagger-ui-standalone-preset.js ) ( 2022-11-21T14:14:31.745Z ) 1.671 ms
GET 304 ( /api/docs/swagger-ui-bundle.js ) ( 2022-11-21T14:14:31.746Z ) 0.357 ms
GET 200 ( /api/docs/ ) ( 2022-11-21T14:16:35.920Z ) 0.658 ms
GET 304 ( /api/docs/swagger-ui.css ) ( 2022-11-21T14:16:35.928Z ) 0.394 ms
GET 304 ( /api/docs/swagger-ui-init.js ) ( 2022-11-21T14:16:35.929Z ) 0.202 ms
GET 304 ( /api/docs/swagger-ui-standalone-preset.js ) ( 2022-11-21T14:16:35.932Z ) 0.659 ms
GET 304 ( /api/docs/swagger-ui-bundle.js ) ( 2022-11-21T14:16:35.934Z ) 0.495 ms
POST 400 ( /api/user/login/ ) ( 2022-11-21T14:32:19.779Z ) 6.982 ms
POST 401 ( /api/user/getusers/ ) ( 2022-11-21T14:32:34.376Z ) 0.556 ms
POST 400 ( /api/user/login/ ) ( 2022-11-21T14:32:53.955Z ) 118.943 ms
POST 200 ( /api/user/login/ ) ( 2022-11-21T14:33:06.648Z ) 97.945 ms
GET 404 ( / ) ( 2022-11-21T14:33:47.766Z ) 1.363 ms
GET 404 ( / ) ( 2022-11-21T14:34:28.197Z ) 2.196 ms
GET 200 ( /api/docs/ ) ( 2022-11-21T14:37:44.617Z ) 3.632 ms
GET 304 ( /api/docs/swagger-ui.css ) ( 2022-11-21T14:37:44.632Z ) 1.432 ms
GET 304 ( /api/docs/swagger-ui-init.js ) ( 2022-11-21T14:37:44.633Z ) 0.222 ms
GET 304 ( /api/docs/swagger-ui-standalone-preset.js ) ( 2022-11-21T14:37:44.635Z ) 1.058 ms
GET 304 ( /api/docs/swagger-ui-bundle.js ) ( 2022-11-21T14:37:44.636Z ) 1.427 ms
POST 200 ( /api/user/login ) ( 2022-11-21T14:59:28.499Z ) 127.332 ms
POST 200 ( /api/user/login ) ( 2022-11-21T15:02:46.738Z ) 128.600 ms
PUT 404 ( /api/user/login ) ( 2022-11-21T15:02:53.550Z ) 0.951 ms
POST 200 ( /api/user/login ) ( 2022-11-21T15:02:58.844Z ) 97.503 ms
GET 200 ( /api/docs/ ) ( 2022-11-21T15:03:50.975Z ) 1.986 ms
GET 304 ( /api/docs/swagger-ui.css ) ( 2022-11-21T15:03:50.985Z ) 1.048 ms
GET 304 ( /api/docs/swagger-ui-init.js ) ( 2022-11-21T15:03:50.986Z ) 0.295 ms
GET 304 ( /api/docs/swagger-ui-standalone-preset.js ) ( 2022-11-21T15:03:50.989Z ) 0.552 ms
GET 304 ( /api/docs/swagger-ui-bundle.js ) ( 2022-11-21T15:03:50.990Z ) 0.499 ms
POST 200 ( /api/user/getusers ) ( 2022-11-22T09:33:46.582Z ) 35.728 ms
POST 200 ( /api/user/login ) ( 2022-11-22T09:34:56.301Z ) 193.881 ms
GET 200 ( /api/docs/ ) ( 2022-11-25T14:29:27.081Z ) 5.177 ms
GET 304 ( /api/docs/swagger-ui.css ) ( 2022-11-25T14:29:27.085Z ) 2.387 ms
GET 304 ( /api/docs/swagger-ui-standalone-preset.js ) ( 2022-11-25T14:29:27.127Z ) 1.947 ms
GET 200 ( /api/docs/swagger-ui-init.js ) ( 2022-11-25T14:29:27.128Z ) 0.478 ms
GET 200 ( /api/docs/swagger-ui-bundle.js ) ( 2022-11-25T14:29:27.144Z ) 2.317 ms
POST 400 ( /api/user/login/ ) ( 2022-11-25T14:29:35.019Z ) 125.455 ms
POST 200 ( /api/user/createuser ) ( 2022-11-30T11:32:01.311Z ) 275.164 ms
POST 200 ( /api/user/login ) ( 2022-11-30T11:33:34.496Z ) 105.162 ms
POST 200 ( /api/user/getusers ) ( 2022-11-30T11:36:06.017Z ) 9.135 ms
POST 401 ( /api/user/getusers ) ( 2022-11-30T11:36:17.787Z ) 1.873 ms
POST 200 ( /api/user/getusers ) ( 2022-11-30T11:36:28.957Z ) 3.313 ms
POST 200 ( /api/user/login ) ( 2022-11-30T11:41:11.837Z ) 134.708 ms
POST 200 ( /api/user/login ) ( 2022-11-30T11:41:12.976Z ) 108.133 ms
POST 200 ( /api/user/login ) ( 2022-11-30T11:41:13.600Z ) 103.682 ms
POST 400 ( /api/user/createuser ) ( 2022-11-30T11:42:23.091Z ) 20.867 ms
POST 200 ( /api/user/login ) ( 2022-11-30T11:42:26.366Z ) 124.962 ms
POST 200 ( /api/user/getusers ) ( 2022-11-30T11:42:28.213Z ) 5.629 ms
GET 200 ( /api/docs/ ) ( 2022-11-30T11:43:54.981Z ) 5.540 ms
GET 200 ( /api/docs/swagger-ui-init.js ) ( 2022-11-30T11:43:55.009Z ) 0.560 ms
GET 200 ( /api/docs/swagger-ui.css ) ( 2022-11-30T11:43:55.010Z ) 8.174 ms
GET 200 ( /api/docs/swagger-ui-standalone-preset.js ) ( 2022-11-30T11:43:55.028Z ) 5.277 ms
GET 200 ( /api/docs/swagger-ui-bundle.js ) ( 2022-11-30T11:43:55.060Z ) 7.890 ms
GET 200 ( /api/docs/favicon-32x32.png ) ( 2022-11-30T11:43:55.412Z ) 1.807 ms
GET 200 ( /api/docs/favicon-16x16.png ) ( 2022-11-30T11:43:55.413Z ) 2.163 ms
GET 404 ( /apple-touch-icon-precomposed.png ) ( 2022-11-30T11:43:55.432Z ) 1.677 ms
GET 404 ( /apple-touch-icon.png ) ( 2022-11-30T11:43:55.435Z ) 0.488 ms
GET 304 ( /api/docs/ ) ( 2022-11-30T11:43:57.684Z ) 0.936 ms
GET 304 ( /api/docs/swagger-ui-init.js ) ( 2022-11-30T11:43:57.706Z ) 0.384 ms
GET 304 ( /api/docs/swagger-ui.css ) ( 2022-11-30T11:43:57.713Z ) 5.519 ms
GET 304 ( /api/docs/swagger-ui-standalone-preset.js ) ( 2022-11-30T11:43:57.713Z ) 4.863 ms
GET 304 ( /api/docs/swagger-ui-bundle.js ) ( 2022-11-30T11:43:57.718Z ) 2.972 ms
POST 200 ( /api/user/login/ ) ( 2022-11-30T11:44:16.049Z ) 109.102 ms
POST 400 ( /api/user/login/ ) ( 2022-11-30T11:44:53.810Z ) 2.899 ms
GET 404 ( / ) ( 2022-11-30T11:45:56.322Z ) 0.247 ms
GET 404 ( / ) ( 2022-11-30T11:46:24.830Z ) 0.446 ms
GET 404 ( / ) ( 2022-11-30T11:47:39.602Z ) 2.261 ms
GET 200 ( /api/docs/ ) ( 2022-11-30T11:48:48.781Z ) 5.719 ms
POST 200 ( /api/user/createuser ) ( 2022-12-01T07:02:33.566Z ) 190.397 ms
POST 200 ( /api/user/login ) ( 2022-12-01T07:03:25.916Z ) 102.703 ms
POST 400 ( /api/user/login ) ( 2022-12-01T07:04:58.893Z ) 127.101 ms
POST 400 ( /api/user/login ) ( 2022-12-01T07:05:00.152Z ) 99.523 ms
POST 400 ( /api/user/login ) ( 2022-12-01T07:05:00.786Z ) 101.106 ms
GET 404 ( / ) ( 2022-12-01T07:06:27.619Z ) 2.749 ms
GET 404 ( / ) ( 2022-12-01T07:07:01.047Z ) 2.147 ms
POST 400 ( /api/user/createuser ) ( 2022-12-01T07:39:49.032Z ) 19.269 ms
POST 200 ( /api/user/createuser ) ( 2022-12-01T07:40:08.050Z ) 128.814 ms
POST 401 ( /api/user/getusers ) ( 2022-12-01T09:43:43.667Z ) 3.319 ms
POST 200 ( /api/user/getusers ) ( 2022-12-01T09:43:50.923Z ) 13.523 ms
POST 400 ( /api/user/login ) ( 2022-12-01T09:44:34.623Z ) 124.832 ms
POST 400 ( /api/user/login ) ( 2022-12-01T09:44:35.242Z ) 98.857 ms
POST 400 ( /api/user/login ) ( 2022-12-01T09:44:35.841Z ) 98.893 ms
POST 404 ( /api/users/createuser ) ( 2022-12-17T07:40:54.074Z ) 1.336 ms
POST 401 ( /api/user/createuser ) ( 2022-12-17T07:41:24.008Z ) 2.180 ms
POST 400 ( /api/user/login ) ( 2022-12-17T07:41:40.160Z ) 6.568 ms
POST 400 ( /api/user/login ) ( 2022-12-17T07:42:18.023Z ) 1.232 ms
POST 400 ( /api/user/login ) ( 2022-12-17T07:42:25.614Z ) 25.001 ms
POST 401 ( /api/user/createuser ) ( 2022-12-17T07:43:31.782Z ) 2.549 ms
POST 401 ( /api/user/createuser ) ( 2022-12-17T07:43:38.169Z ) 0.695 ms
POST 200 ( /api/user/createuser ) ( 2022-12-17T07:43:52.260Z ) 243.340 ms
POST 400 ( /api/user/createuser ) ( 2022-12-17T07:46:10.942Z ) 2.985 ms
POST 200 ( /api/user/login ) ( 2022-12-17T07:46:19.502Z ) 99.546 ms
POST 401 ( /api/user/createuser ) ( 2023-02-13T11:25:18.212Z ) 4.584 ms
POST 401 ( /api/user/createuser ) ( 2023-02-13T11:25:54.523Z ) 4.725 ms
POST 422 ( /api/user/createuser ) ( 2023-02-13T11:26:10.660Z ) 9.637 ms
POST 400 ( /api/user/createuser ) ( 2023-02-13T11:27:06.529Z ) 35.304 ms
POST 200 ( /api/user/createuser ) ( 2023-02-13T11:27:41.511Z ) 127.177 ms
POST 200 ( /api/user/login ) ( 2023-02-13T11:28:00.354Z ) 100.199 ms
POST 500 ( /api/room/createroom ) ( 2023-02-13T13:04:47.810Z ) 6.477 ms
POST 422 ( /api/room/createroom ) ( 2023-02-13T13:06:13.834Z ) 10.498 ms
POST 500 ( /api/room/createroom ) ( 2023-02-13T13:06:38.107Z ) 32.656 ms
POST 500 ( /api/room/createroom ) ( 2023-02-13T13:07:06.365Z ) 19.646 ms
POST 422 ( /api/room/createroom ) ( 2023-02-13T13:07:51.521Z ) 4.713 ms
POST 500 ( /api/room/createroom ) ( 2023-02-13T13:08:12.303Z ) 2.209 ms
POST 500 ( /api/room/createroom ) ( 2023-02-13T13:08:21.588Z ) 2.197 ms
POST 200 ( /api/room/createroom ) ( 2023-02-13T13:09:13.003Z ) 26.510 ms
POST 400 ( /api/room/createroom ) ( 2023-02-13T13:09:15.534Z ) 5.391 ms
POST 422 ( /api/room/updateroom ) ( 2023-02-13T13:24:23.923Z ) 9.430 ms
POST 500 ( /api/room/updateroom ) ( 2023-02-13T13:25:15.112Z ) 14.280 ms
POST 500 ( /api/room/updateroom ) ( 2023-02-13T13:25:41.599Z ) 14.298 ms
POST 200 ( /api/room/updateroom ) ( 2023-02-13T13:25:57.728Z ) 23.671 ms
POST 200 ( /api/room/updateroom ) ( 2023-02-13T13:26:15.751Z ) 7.018 ms
POST 400 ( /api/room/updateroom ) ( 2023-02-13T13:26:30.314Z ) 2.735 ms
POST 200 ( /api/room/updateroom ) ( 2023-02-13T13:26:36.127Z ) 3.954 ms
POST 200 ( /api/room/getrooms ) ( 2023-02-20T10:50:17.897Z ) 70.460 ms
POST 200 ( /api/room/getrooms ) ( 2023-02-20T10:50:42.333Z ) 3.280 ms
POST 200 ( /api/room/getrooms ) ( 2023-02-20T10:50:48.574Z ) 2.732 ms
POST 422 ( /api/student/createstudent ) ( 2023-02-20T11:06:43.880Z ) 10.926 ms
POST 200 ( /api/student/createstudent ) ( 2023-02-20T11:06:54.769Z ) 26.693 ms
POST 200 ( /api/student/getstudents ) ( 2023-02-20T11:07:23.672Z ) 3.841 ms
POST 200 ( /api/student/getstudents ) ( 2023-02-20T11:08:06.028Z ) 14.835 ms
POST 400 ( /api/student/createstudent ) ( 2023-02-20T11:08:13.075Z ) 9.812 ms
POST 500 ( /api/student/createstudent ) ( 2023-02-20T11:09:33.971Z ) 33.765 ms
POST 200 ( /api/student/createstudent ) ( 2023-02-20T11:09:50.346Z ) 8.673 ms
POST 500 ( /api/student/createstudent ) ( 2023-02-20T11:11:21.359Z ) 6.772 ms
POST 200 ( /api/student/createstudent ) ( 2023-02-20T11:14:54.466Z ) 28.566 ms
POST 400 ( /api/student/createstudent ) ( 2023-02-20T11:14:57.010Z ) 5.379 ms
POST 200 ( /api/student/getstudents ) ( 2023-02-20T11:15:02.310Z ) 4.147 ms
POST 200 ( /api/room/createroom ) ( 2023-02-20T11:16:06.788Z ) 5.344 ms
POST 400 ( /api/room/createroom ) ( 2023-02-20T11:16:09.720Z ) 3.232 ms
POST 200 ( /api/room/getrooms ) ( 2023-03-13T09:41:01.828Z ) 76.221 ms
POST 200 ( /api/student/getstudents ) ( 2023-03-13T09:41:08.707Z ) 5.880 ms
POST 422 ( /api/exam/createexam ) ( 2023-03-13T10:46:19.451Z ) 9.993 ms
POST 422 ( /api/exam/createexam ) ( 2023-03-13T10:46:46.969Z ) 11.519 ms
POST 200 ( /api/exam/createexam ) ( 2023-03-13T10:47:00.811Z ) 37.010 ms
POST 400 ( /api/exam/createexam ) ( 2023-03-13T10:47:11.832Z ) 6.299 ms
POST 200 ( /api/exam/createexam ) ( 2023-03-13T10:47:37.503Z ) 7.087 ms
POST 200 ( /api/exam/getexams ) ( 2023-03-13T10:47:46.519Z ) 4.782 ms
POST 400 ( /api/exam/createexam ) ( 2023-03-13T10:48:38.244Z ) 21.110 ms
POST 200 ( /api/exam/createexam ) ( 2023-03-13T10:48:50.390Z ) 17.233 ms
POST 200 ( /api/exam/createexam ) ( 2023-03-13T10:49:01.851Z ) 7.485 ms
POST 400 ( /api/exam/createexam ) ( 2023-03-13T10:49:03.265Z ) 3.704 ms
POST 200 ( /api/exam/getexams ) ( 2023-03-13T10:49:06.167Z ) 6.124 ms
POST 200 ( /api/exam/getexams ) ( 2023-03-13T10:49:55.385Z ) 2.974 ms
POST 500 ( /api/exam/createexam ) ( 2023-03-13T10:53:20.343Z ) 7.586 ms
POST 500 ( /api/exam/createexam ) ( 2023-03-13T10:53:43.049Z ) 8.372 ms
POST 500 ( /api/exam/createexam ) ( 2023-03-13T10:56:51.576Z ) 2.350 ms
POST 400 ( /api/exam/createexam ) ( 2023-03-13T10:57:14.893Z ) 19.667 ms
POST 200 ( /api/exam/createexam ) ( 2023-03-13T10:57:35.308Z ) 18.059 ms
POST 200 ( /api/exam/getexams ) ( 2023-03-13T10:59:24.752Z ) 5.386 ms
OPTIONS 200 ( /api/user/login ) ( 2023-03-24T17:38:43.012Z ) 4.226 ms
POST 200 ( /api/user/login ) ( 2023-03-24T17:38:43.206Z ) 177.445 ms
OPTIONS 200 ( /api/user/login ) ( 2023-03-24T17:38:54.401Z ) 0.514 ms
POST 401 ( /api/user/login ) ( 2023-03-24T17:38:54.508Z ) 103.359 ms
OPTIONS 200 ( /api/user/login ) ( 2023-03-28T05:28:58.993Z ) 2.631 ms
POST 401 ( /api/user/login ) ( 2023-03-28T05:28:59.193Z ) 185.828 ms
OPTIONS 200 ( /api/user/login ) ( 2023-03-28T05:29:21.772Z ) 0.557 ms
POST 200 ( /api/user/login ) ( 2023-03-28T05:29:21.882Z ) 106.287 ms
OPTIONS 200 ( /api/user/login ) ( 2023-03-28T05:29:32.731Z ) 0.272 ms
POST 401 ( /api/user/login ) ( 2023-03-28T05:29:32.737Z ) 2.890 ms
POST 401 ( /api/user/login ) ( 2023-03-28T05:29:35.782Z ) 3.464 ms
OPTIONS 200 ( /api/user/login ) ( 2023-03-28T06:39:15.991Z ) 3.535 ms
POST 200 ( /api/user/login ) ( 2023-03-28T06:39:16.229Z ) 222.552 ms
POST 401 ( /api/user/login ) ( 2023-03-28T06:39:20.485Z ) 99.102 ms
OPTIONS 200 ( /api/user/login ) ( 2023-03-28T06:39:24.924Z ) 0.609 ms
POST 401 ( /api/user/login ) ( 2023-03-28T06:39:25.027Z ) 98.210 ms
OPTIONS 200 ( /api/user/login ) ( 2023-03-28T06:47:02.421Z ) 0.267 ms
POST 401 ( /api/user/login ) ( 2023-03-28T06:47:02.525Z ) 100.075 ms
OPTIONS 200 ( /api/user/login ) ( 2023-03-28T06:47:18.008Z ) 0.309 ms
POST 200 ( /api/user/login ) ( 2023-03-28T06:47:18.110Z ) 97.950 ms
OPTIONS 200 ( /api/user/login ) ( 2023-03-28T06:54:00.141Z ) 0.407 ms
POST 401 ( /api/user/login ) ( 2023-03-28T06:54:00.241Z ) 97.043 ms
OPTIONS 200 ( /api/user/login ) ( 2023-03-31T10:40:17.605Z ) 2.675 ms
POST 200 ( /api/user/login ) ( 2023-03-31T10:40:17.740Z ) 121.256 ms
OPTIONS 200 ( /api/user/login ) ( 2023-03-31T10:43:24.775Z ) 0.501 ms
POST 200 ( /api/user/login ) ( 2023-03-31T10:43:24.878Z ) 99.797 ms
OPTIONS 200 ( /api/user/login ) ( 2023-03-31T10:45:37.397Z ) 0.408 ms
POST 200 ( /api/user/login ) ( 2023-03-31T10:45:37.498Z ) 97.671 ms
OPTIONS 200 ( /api/user/login ) ( 2023-03-31T10:48:19.596Z ) 0.308 ms
POST 200 ( /api/user/login ) ( 2023-03-31T10:48:19.694Z ) 94.926 ms
OPTIONS 200 ( /api/user/login ) ( 2023-03-31T10:52:42.630Z ) 0.287 ms
POST 200 ( /api/user/login ) ( 2023-03-31T10:52:42.747Z ) 112.670 ms
POST 400 ( /api/user/createuser ) ( 2023-03-31T10:54:31.757Z ) 25.084 ms
POST 400 ( /api/user/createuser ) ( 2023-03-31T10:55:24.629Z ) 20.027 ms
POST 200 ( /api/user/createuser ) ( 2023-03-31T10:55:42.999Z ) 121.664 ms
OPTIONS 200 ( /api/user/login ) ( 2023-03-31T10:56:08.163Z ) 0.724 ms
POST 401 ( /api/user/login ) ( 2023-03-31T10:56:08.171Z ) 3.508 ms
POST 401 ( /api/user/login ) ( 2023-03-31T10:56:11.193Z ) 3.217 ms
OPTIONS 200 ( /api/user/login ) ( 2023-03-31T10:59:47.475Z ) 0.544 ms
POST 401 ( /api/user/login ) ( 2023-03-31T10:59:47.480Z ) 2.615 ms
OPTIONS 200 ( /api/user/login ) ( 2023-03-31T11:00:28.675Z ) 0.998 ms
POST 401 ( /api/user/login ) ( 2023-03-31T11:00:28.682Z ) 2.812 ms
OPTIONS 200 ( /api/user/login ) ( 2023-03-31T11:00:59.825Z ) 0.437 ms
POST 200 ( /api/user/login ) ( 2023-03-31T11:00:59.933Z ) 104.727 ms
OPTIONS 200 ( /api/user/login ) ( 2023-03-31T11:02:13.179Z ) 3.173 ms
POST 200 ( /api/user/login ) ( 2023-03-31T11:02:13.317Z ) 126.788 ms
POST 200 ( /api/user/createuser ) ( 2023-03-31T11:06:08.383Z ) 141.051 ms
OPTIONS 200 ( /api/user/login ) ( 2023-03-31T11:06:48.595Z ) 0.918 ms
POST 200 ( /api/user/login ) ( 2023-03-31T11:06:48.703Z ) 103.682 ms
OPTIONS 200 ( /api/user/login ) ( 2023-03-31T11:07:24.920Z ) 0.522 ms
POST 401 ( /api/user/login ) ( 2023-03-31T11:07:24.927Z ) 3.184 ms
OPTIONS 200 ( /api/user/login ) ( 2023-03-31T11:09:14.256Z ) 0.316 ms
POST 401 ( /api/user/login ) ( 2023-03-31T11:09:14.262Z ) 2.787 ms
OPTIONS 200 ( /api/user/login ) ( 2023-03-31T11:18:59.150Z ) 0.278 ms
POST 200 ( /api/user/login ) ( 2023-03-31T11:18:59.263Z ) 101.781 ms
OPTIONS 200 ( /api/user/login ) ( 2023-03-31T11:23:03.339Z ) 0.368 ms
POST 200 ( /api/user/login ) ( 2023-03-31T11:23:03.440Z ) 97.958 ms
OPTIONS 200 ( /api/user/login ) ( 2023-03-31T11:29:26.857Z ) 0.311 ms
POST 200 ( /api/user/login ) ( 2023-03-31T11:29:26.958Z ) 98.242 ms
OPTIONS 200 ( /api/user/login ) ( 2023-03-31T11:30:01.147Z ) 0.294 ms
POST 200 ( /api/user/login ) ( 2023-03-31T11:30:01.248Z ) 98.445 ms
OPTIONS 200 ( /api/user/login ) ( 2023-03-31T11:30:17.203Z ) 0.265 ms
POST 200 ( /api/user/login ) ( 2023-03-31T11:30:17.305Z ) 98.795 ms
OPTIONS 200 ( /api/user/login ) ( 2023-03-31T12:19:38.471Z ) 0.269 ms
POST 401 ( /api/user/login ) ( 2023-03-31T12:19:38.573Z ) 98.241 ms
OPTIONS 200 ( /api/user/login ) ( 2023-03-31T12:19:45.237Z ) 0.259 ms
POST 401 ( /api/user/login ) ( 2023-03-31T12:19:45.338Z ) 97.318 ms
POST 200 ( /api/user/login ) ( 2023-03-31T12:19:47.513Z ) 98.636 ms
OPTIONS 200 ( /api/user/login ) ( 2023-03-31T12:29:18.697Z ) 0.299 ms
POST 200 ( /api/user/login ) ( 2023-03-31T12:29:18.798Z ) 97.363 ms
OPTIONS 200 ( /api/user/login ) ( 2023-03-31T12:29:45.390Z ) 0.234 ms
POST 200 ( /api/user/login ) ( 2023-03-31T12:29:45.494Z ) 101.285 ms
OPTIONS 200 ( /api/user/login ) ( 2023-03-31T12:30:39.252Z ) 0.235 ms
POST 200 ( /api/user/login ) ( 2023-03-31T12:30:39.352Z ) 97.785 ms
OPTIONS 200 ( /api/user/login ) ( 2023-03-31T12:31:14.131Z ) 0.242 ms
POST 200 ( /api/user/login ) ( 2023-03-31T12:31:14.233Z ) 98.563 ms
OPTIONS 200 ( /api/user/login ) ( 2023-04-04T05:41:11.135Z ) 3.042 ms
POST 200 ( /api/user/login ) ( 2023-04-04T05:41:11.449Z ) 300.253 ms
OPTIONS 200 ( /api/user/login ) ( 2023-04-04T06:14:08.758Z ) 0.492 ms
POST 200 ( /api/user/login ) ( 2023-04-04T06:14:08.875Z ) 108.986 ms
OPTIONS 200 ( /api/user/login ) ( 2023-04-04T06:24:21.603Z ) 0.407 ms
POST 200 ( /api/user/login ) ( 2023-04-04T06:24:21.704Z ) 98.374 ms
OPTIONS 200 ( /api/user/login ) ( 2023-04-04T06:52:16.643Z ) 0.292 ms
POST 200 ( /api/user/login ) ( 2023-04-04T06:52:16.744Z ) 97.505 ms
OPTIONS 200 ( /api/user/login ) ( 2023-04-11T08:24:37.299Z ) 2.945 ms
POST 200 ( /api/user/login ) ( 2023-04-11T08:24:37.627Z ) 309.217 ms
OPTIONS 200 ( /api/user/login ) ( 2023-04-11T08:24:49.231Z ) 0.520 ms
POST 401 ( /api/user/login ) ( 2023-04-11T08:24:49.237Z ) 2.724 ms
OPTIONS 200 ( /api/user/login ) ( 2023-04-11T08:25:23.422Z ) 0.422 ms
POST 200 ( /api/user/login ) ( 2023-04-11T08:25:23.525Z ) 99.495 ms
OPTIONS 200 ( /api/user/login ) ( 2023-04-11T08:26:54.846Z ) 0.276 ms
POST 200 ( /api/user/login ) ( 2023-04-11T08:26:54.946Z ) 97.481 ms
OPTIONS 200 ( /api/user/login ) ( 2023-04-11T08:27:30.137Z ) 0.271 ms
POST 200 ( /api/user/login ) ( 2023-04-11T08:27:30.238Z ) 97.900 ms
OPTIONS 200 ( /api/user/login ) ( 2023-04-11T08:27:42.825Z ) 0.297 ms
POST 200 ( /api/user/login ) ( 2023-04-11T08:27:42.926Z ) 97.441 ms
OPTIONS 200 ( /api/user/login ) ( 2023-04-11T08:27:53.826Z ) 0.287 ms
POST 401 ( /api/user/login ) ( 2023-04-11T08:27:53.926Z ) 97.438 ms
OPTIONS 200 ( /api/user/login ) ( 2023-04-11T08:28:03.620Z ) 0.276 ms
POST 401 ( /api/user/login ) ( 2023-04-11T08:28:03.728Z ) 100.553 ms
OPTIONS 200 ( /api/user/login ) ( 2023-04-11T08:28:13.887Z ) 0.394 ms
POST 401 ( /api/user/login ) ( 2023-04-11T08:28:13.989Z ) 99.334 ms
OPTIONS 200 ( /api/user/login ) ( 2023-04-11T10:55:52.336Z ) 0.254 ms
POST 200 ( /api/user/login ) ( 2023-04-11T10:55:52.437Z ) 97.741 ms
OPTIONS 200 ( /api/user/login ) ( 2023-04-11T11:03:51.656Z ) 3.401 ms
POST 401 ( /api/user/login ) ( 2023-04-11T11:03:51.839Z ) 167.703 ms
OPTIONS 200 ( /api/user/login ) ( 2023-04-11T11:03:57.398Z ) 0.471 ms
POST 200 ( /api/user/login ) ( 2023-04-11T11:03:57.506Z ) 104.989 ms
OPTIONS 200 ( /api/user/login ) ( 2023-04-11T11:05:16.018Z ) 0.418 ms
POST 200 ( /api/user/login ) ( 2023-04-11T11:05:16.120Z ) 98.455 ms
OPTIONS 200 ( /api/user/login ) ( 2023-04-11T11:11:29.453Z ) 0.285 ms
POST 200 ( /api/user/login ) ( 2023-04-11T11:11:29.557Z ) 99.910 ms
OPTIONS 200 ( /api/user/login ) ( 2023-04-11T11:12:14.169Z ) 0.276 ms
POST 200 ( /api/user/login ) ( 2023-04-11T11:12:14.272Z ) 99.557 ms
OPTIONS 200 ( /api/user/login ) ( 2023-04-11T11:31:22.953Z ) 0.405 ms
POST 200 ( /api/user/login ) ( 2023-04-11T11:31:23.053Z ) 96.897 ms
OPTIONS 200 ( /api/user/login ) ( 2023-04-11T18:33:05.857Z ) 3.269 ms
POST 200 ( /api/user/login ) ( 2023-04-11T18:33:06.093Z ) 221.855 ms
OPTIONS 200 ( /api/user/login ) ( 2023-04-11T18:45:49.087Z ) 3.182 ms
POST 200 ( /api/user/login ) ( 2023-04-11T18:45:49.231Z ) 129.613 ms
OPTIONS 200 ( /api/user/login ) ( 2023-04-11T22:07:43.710Z ) 1.225 ms
POST 200 ( /api/user/login ) ( 2023-04-11T22:07:43.816Z ) 102.317 ms
OPTIONS 200 ( /api/user/login ) ( 2023-04-12T16:42:47.981Z ) 2.723 ms
POST 200 ( /api/user/login ) ( 2023-04-12T16:42:48.182Z ) 186.658 ms
OPTIONS 200 ( /api/user/login ) ( 2023-04-12T17:09:23.748Z ) 0.485 ms
POST 200 ( /api/user/login ) ( 2023-04-12T17:09:23.851Z ) 99.381 ms
OPTIONS 200 ( /api/user/login ) ( 2023-04-13T07:48:57.077Z ) 2.729 ms
POST 401 ( /api/user/login ) ( 2023-04-13T07:48:57.212Z ) 120.519 ms
POST 200 ( /api/user/login ) ( 2023-04-13T07:49:01.561Z ) 102.214 ms
OPTIONS 200 ( /api/user/login ) ( 2023-04-13T07:53:17.670Z ) 0.498 ms
POST 200 ( /api/user/login ) ( 2023-04-13T07:53:17.774Z ) 100.105 ms
OPTIONS 200 ( /api/user/login ) ( 2023-04-13T10:11:10.974Z ) 2.747 ms
POST 200 ( /api/user/login ) ( 2023-04-13T10:11:11.108Z ) 124.027 ms
OPTIONS 200 ( /api/user/login ) ( 2023-04-13T10:47:08.661Z ) 0.494 ms
POST 200 ( /api/user/login ) ( 2023-04-13T10:47:08.763Z ) 98.278 ms
OPTIONS 200 ( /api/user/login ) ( 2023-04-13T10:47:41.607Z ) 0.408 ms
POST 200 ( /api/user/login ) ( 2023-04-13T10:47:41.708Z ) 97.994 ms
OPTIONS 200 ( /api/user/login ) ( 2023-04-13T10:49:44.657Z ) 0.397 ms
POST 200 ( /api/user/login ) ( 2023-04-13T10:49:44.760Z ) 100.168 ms
OPTIONS 200 ( /api/student/createstudent ) ( 2023-04-13T11:04:04.023Z ) 0.442 ms
OPTIONS 200 ( /api/student/createstudent ) ( 2023-04-13T11:04:04.025Z ) 0.649 ms
POST 400 ( /api/student/createstudent ) ( 2023-04-13T11:04:04.043Z ) 14.302 ms
POST 400 ( /api/student/createstudent ) ( 2023-04-13T11:04:04.044Z ) 10.331 ms
POST 400 ( /api/student/createstudent ) ( 2023-04-13T11:04:04.048Z ) 9.597 ms
POST 400 ( /api/student/createstudent ) ( 2023-04-13T11:04:04.066Z ) 20.789 ms
POST 400 ( /api/student/createstudent ) ( 2023-04-13T11:04:04.068Z ) 16.921 ms
POST 400 ( /api/student/createstudent ) ( 2023-04-13T11:04:04.074Z ) 13.823 ms
POST 400 ( /api/student/createstudent ) ( 2023-04-13T11:04:04.076Z ) 20.454 ms
POST 400 ( /api/student/createstudent ) ( 2023-04-13T11:04:04.079Z ) 15.669 ms
POST 400 ( /api/student/createstudent ) ( 2023-04-13T11:04:04.092Z ) 22.101 ms
POST 400 ( /api/student/createstudent ) ( 2023-04-13T11:04:04.108Z ) 26.229 ms
POST 400 ( /api/student/createstudent ) ( 2023-04-13T11:04:04.111Z ) 25.803 ms
POST 400 ( /api/student/createstudent ) ( 2023-04-13T11:04:04.112Z ) 26.306 ms
POST 400 ( /api/student/createstudent ) ( 2023-04-13T11:04:04.113Z ) 24.717 ms
POST 400 ( /api/student/createstudent ) ( 2023-04-13T11:04:04.122Z ) 23.754 ms
POST 400 ( /api/student/createstudent ) ( 2023-04-13T11:04:04.122Z ) 19.903 ms
POST 400 ( /api/student/createstudent ) ( 2023-04-13T11:04:04.137Z ) 20.062 ms
POST 400 ( /api/student/createstudent ) ( 2023-04-13T11:04:04.137Z ) 19.151 ms
POST 400 ( /api/student/createstudent ) ( 2023-04-13T11:04:04.145Z ) 21.034 ms
POST 400 ( /api/student/createstudent ) ( 2023-04-13T11:04:04.150Z ) 22.956 ms
POST 400 ( /api/student/createstudent ) ( 2023-04-13T11:04:04.151Z ) 10.551 ms
POST 400 ( /api/student/createstudent ) ( 2023-04-13T11:04:04.151Z ) 8.795 ms
POST 400 ( /api/student/createstudent ) ( 2023-04-13T11:04:04.152Z ) 4.470 ms
POST 400 ( /api/student/createstudent ) ( 2023-04-13T11:04:04.163Z ) 8.130 ms
POST 400 ( /api/student/createstudent ) ( 2023-04-13T11:04:04.164Z ) 35.692 ms
POST 400 ( /api/student/createstudent ) ( 2023-04-13T11:04:04.170Z ) 13.221 ms
POST 400 ( /api/student/createstudent ) ( 2023-04-13T11:04:04.171Z ) 9.926 ms
POST 400 ( /api/student/createstudent ) ( 2023-04-13T11:04:04.172Z ) 12.399 ms
POST 400 ( /api/student/createstudent ) ( 2023-04-13T11:04:04.173Z ) 41.966 ms
POST 400 ( /api/student/createstudent ) ( 2023-04-13T11:04:04.173Z ) 6.683 ms
POST 400 ( /api/student/createstudent ) ( 2023-04-13T11:04:04.174Z ) 5.881 ms
POST 400 ( /api/student/createstudent ) ( 2023-04-13T11:04:04.190Z ) 12.523 ms
POST 400 ( /api/student/createstudent ) ( 2023-04-13T11:04:04.191Z ) 11.627 ms
POST 400 ( /api/student/createstudent ) ( 2023-04-13T11:04:04.192Z ) 9.667 ms
POST 400 ( /api/student/createstudent ) ( 2023-04-13T11:04:04.192Z ) 8.590 ms
POST 400 ( /api/student/createstudent ) ( 2023-04-13T11:04:04.193Z ) 7.438 ms
POST 400 ( /api/student/createstudent ) ( 2023-04-13T11:04:04.194Z ) 6.568 ms
POST 400 ( /api/student/createstudent ) ( 2023-04-13T11:04:04.208Z ) 9.341 ms
POST 400 ( /api/student/createstudent ) ( 2023-04-13T11:04:04.208Z ) 11.823 ms
POST 400 ( /api/student/createstudent ) ( 2023-04-13T11:04:04.209Z ) 9.190 ms
POST 400 ( /api/student/createstudent ) ( 2023-04-13T11:04:04.250Z ) 47.217 ms
POST 400 ( /api/student/createstudent ) ( 2023-04-13T11:04:04.254Z ) 47.375 ms
POST 400 ( /api/student/createstudent ) ( 2023-04-13T11:04:04.289Z ) 82.650 ms
POST 400 ( /api/student/createstudent ) ( 2023-04-13T11:04:04.291Z ) 76.945 ms
POST 400 ( /api/student/createstudent ) ( 2023-04-13T11:04:04.295Z ) 82.733 ms
POST 400 ( /api/student/createstudent ) ( 2023-04-13T11:04:04.298Z ) 81.108 ms
POST 400 ( /api/student/createstudent ) ( 2023-04-13T11:04:04.299Z ) 12.615 ms
POST 400 ( /api/student/createstudent ) ( 2023-04-13T11:04:04.305Z ) 24.877 ms
POST 400 ( /api/student/createstudent ) ( 2023-04-13T11:04:04.307Z ) 10.086 ms
POST 400 ( /api/student/createstudent ) ( 2023-04-13T11:04:04.308Z ) 14.949 ms
POST 400 ( /api/student/createstudent ) ( 2023-04-13T11:04:04.315Z ) 13.307 ms
POST 400 ( /api/student/createstudent ) ( 2023-04-13T11:04:04.316Z ) 12.589 ms
POST 400 ( /api/student/createstudent ) ( 2023-04-13T11:04:04.318Z ) 18.290 ms
POST 400 ( /api/student/createstudent ) ( 2023-04-13T11:04:04.334Z ) 16.742 ms
POST 400 ( /api/student/createstudent ) ( 2023-04-13T11:04:04.337Z ) 23.259 ms
POST 400 ( /api/student/createstudent ) ( 2023-04-13T11:04:04.340Z ) 18.584 ms
POST 400 ( /api/student/createstudent ) ( 2023-04-13T11:04:04.342Z ) 30.275 ms
POST 400 ( /api/student/createstudent ) ( 2023-04-13T11:04:04.351Z ) 30.654 ms
POST 400 ( /api/student/createstudent ) ( 2023-04-13T11:04:04.352Z ) 29.318 ms
POST 400 ( /api/student/createstudent ) ( 2023-04-13T11:04:04.355Z ) 10.677 ms
POST 400 ( /api/student/createstudent ) ( 2023-04-13T11:04:04.356Z ) 13.153 ms
POST 400 ( /api/student/createstudent ) ( 2023-04-13T11:04:04.358Z ) 7.573 ms
POST 400 ( /api/student/createstudent ) ( 2023-04-13T11:04:04.375Z ) 19.975 ms
POST 400 ( /api/student/createstudent ) ( 2023-04-13T11:04:04.379Z ) 16.168 ms
POST 400 ( /api/student/createstudent ) ( 2023-04-13T11:04:04.380Z ) 12.621 ms
POST 400 ( /api/student/createstudent ) ( 2023-04-13T11:04:04.382Z ) 12.747 ms
POST 400 ( /api/student/createstudent ) ( 2023-04-13T11:04:04.383Z ) 22.222 ms
POST 400 ( /api/student/createstudent ) ( 2023-04-13T11:04:04.388Z ) 10.162 ms
POST 400 ( /api/student/createstudent ) ( 2023-04-13T11:04:04.389Z ) 18.721 ms
POST 400 ( /api/student/createstudent ) ( 2023-04-13T11:04:04.396Z ) 7.826 ms
POST 400 ( /api/student/createstudent ) ( 2023-04-13T11:04:04.397Z ) 11.962 ms
POST 400 ( /api/student/createstudent ) ( 2023-04-13T11:04:04.415Z ) 23.281 ms
POST 400 ( /api/student/createstudent ) ( 2023-04-13T11:04:04.419Z ) 20.920 ms
POST 400 ( /api/student/createstudent ) ( 2023-04-13T11:04:04.421Z ) 27.269 ms
POST 400 ( /api/student/createstudent ) ( 2023-04-13T11:04:04.422Z ) 21.565 ms
POST 400 ( /api/student/createstudent ) ( 2023-04-13T11:04:04.435Z ) 16.691 ms
POST 400 ( /api/student/createstudent ) ( 2023-04-13T11:04:04.435Z ) 33.994 ms
POST 400 ( /api/student/createstudent ) ( 2023-04-13T11:04:04.438Z ) 6.515 ms
POST 400 ( /api/student/createstudent ) ( 2023-04-13T11:04:04.440Z ) 13.719 ms
POST 400 ( /api/student/createstudent ) ( 2023-04-13T11:04:04.442Z ) 8.154 ms
POST 400 ( /api/student/createstudent ) ( 2023-04-13T11:04:04.449Z ) 11.667 ms
POST 400 ( /api/student/createstudent ) ( 2023-04-13T11:04:04.465Z ) 20.663 ms
POST 400 ( /api/student/createstudent ) ( 2023-04-13T11:04:04.468Z ) 18.427 ms
POST 400 ( /api/student/createstudent ) ( 2023-04-13T11:04:04.489Z ) 38.182 ms
POST 400 ( /api/student/createstudent ) ( 2023-04-13T11:04:04.491Z ) 47.566 ms
POST 400 ( /api/student/createstudent ) ( 2023-04-13T11:04:04.494Z ) 37.517 ms
POST 400 ( /api/student/createstudent ) ( 2023-04-13T11:04:04.507Z ) 23.004 ms
POST 400 ( /api/student/createstudent ) ( 2023-04-13T11:04:04.508Z ) 26.662 ms
POST 400 ( /api/student/createstudent ) ( 2023-04-13T11:04:04.509Z ) 36.082 ms
POST 400 ( /api/student/createstudent ) ( 2023-04-13T11:04:04.512Z ) 6.619 ms
POST 400 ( /api/student/createstudent ) ( 2023-04-13T11:04:04.513Z ) 9.063 ms
POST 400 ( /api/student/createstudent ) ( 2023-04-13T11:04:04.537Z ) 26.352 ms
POST 400 ( /api/student/createstudent ) ( 2023-04-13T11:04:04.538Z ) 23.344 ms
POST 400 ( /api/student/createstudent ) ( 2023-04-13T11:04:04.540Z ) 10.115 ms
POST 400 ( /api/student/createstudent ) ( 2023-04-13T11:04:04.544Z ) 10.494 ms
POST 400 ( /api/student/createstudent ) ( 2023-04-13T11:04:04.546Z ) 10.344 ms
POST 400 ( /api/student/createstudent ) ( 2023-04-13T11:04:04.547Z ) 11.232 ms
POST 400 ( /api/student/createstudent ) ( 2023-04-13T11:04:04.554Z ) 11.158 ms
POST 400 ( /api/student/createstudent ) ( 2023-04-13T11:04:04.559Z ) 9.276 ms
POST 400 ( /api/student/createstudent ) ( 2023-04-13T11:04:04.562Z ) 9.332 ms
POST 400 ( /api/student/createstudent ) ( 2023-04-13T11:04:04.568Z ) 12.260 ms
POST 400 ( /api/student/createstudent ) ( 2023-04-13T11:04:04.568Z ) 15.678 ms
POST 400 ( /api/student/createstudent ) ( 2023-04-13T11:04:04.570Z ) 11.684 ms
POST 400 ( /api/student/createstudent ) ( 2023-04-13T11:04:04.573Z ) 7.843 ms
POST 400 ( /api/student/createstudent ) ( 2023-04-13T11:04:04.574Z ) 7.253 ms
POST 400 ( /api/student/createstudent ) ( 2023-04-13T11:06:42.454Z ) 2.298 ms
OPTIONS 200 ( /api/student/createstudent ) ( 2023-04-13T11:07:02.361Z ) 0.308 ms
OPTIONS 200 ( /api/student/createstudent ) ( 2023-04-13T11:07:02.362Z ) 0.270 ms
OPTIONS 200 ( /api/student/createstudent ) ( 2023-04-13T11:07:02.368Z ) 0.220 ms
POST 400 ( /api/student/createstudent ) ( 2023-04-13T11:07:02.403Z ) 26.109 ms
POST 400 ( /api/student/createstudent ) ( 2023-04-13T11:07:02.403Z ) 23.387 ms
POST 400 ( /api/student/createstudent ) ( 2023-04-13T11:07:02.404Z ) 25.729 ms
POST 400 ( /api/student/createstudent ) ( 2023-04-13T11:07:02.406Z ) 25.203 ms
POST 400 ( /api/student/createstudent ) ( 2023-04-13T11:07:02.407Z ) 35.604 ms
POST 400 ( /api/student/createstudent ) ( 2023-04-13T11:07:02.422Z ) 47.661 ms
POST 400 ( /api/student/createstudent ) ( 2023-04-13T11:07:02.427Z ) 7.531 ms
POST 400 ( /api/student/createstudent ) ( 2023-04-13T11:07:02.435Z ) 23.337 ms
POST 400 ( /api/student/createstudent ) ( 2023-04-13T11:07:02.441Z ) 27.469 ms
POST 400 ( /api/student/createstudent ) ( 2023-04-13T11:07:02.442Z ) 28.371 ms
POST 400 ( /api/student/createstudent ) ( 2023-04-13T11:07:02.452Z ) 43.047 ms
POST 400 ( /api/student/createstudent ) ( 2023-04-13T11:07:02.458Z ) 28.212 ms
POST 400 ( /api/student/createstudent ) ( 2023-04-13T11:07:02.459Z ) 34.132 ms
POST 400 ( /api/student/createstudent ) ( 2023-04-13T11:07:02.460Z ) 14.520 ms
POST 400 ( /api/student/createstudent ) ( 2023-04-13T11:07:02.478Z ) 31.417 ms
POST 400 ( /api/student/createstudent ) ( 2023-04-13T11:07:02.479Z ) 41.129 ms
POST 400 ( /api/student/createstudent ) ( 2023-04-13T11:07:02.485Z ) 3.937 ms
POST 400 ( /api/student/createstudent ) ( 2023-04-13T11:07:02.487Z ) 14.392 ms
POST 400 ( /api/student/createstudent ) ( 2023-04-13T11:07:02.487Z ) 32.113 ms
POST 400 ( /api/student/createstudent ) ( 2023-04-13T11:07:02.488Z ) 4.919 ms
POST 400 ( /api/student/createstudent ) ( 2023-04-13T11:07:02.489Z ) 18.081 ms
POST 400 ( /api/student/createstudent ) ( 2023-04-13T11:07:02.489Z ) 25.987 ms
POST 400 ( /api/student/createstudent ) ( 2023-04-13T11:07:02.502Z ) 11.464 ms
POST 400 ( /api/student/createstudent ) ( 2023-04-13T11:07:02.503Z ) 10.460 ms
POST 400 ( /api/student/createstudent ) ( 2023-04-13T11:07:02.504Z ) 9.559 ms
POST 400 ( /api/student/createstudent ) ( 2023-04-13T11:07:02.504Z ) 8.686 ms
POST 400 ( /api/student/createstudent ) ( 2023-04-13T11:07:02.505Z ) 7.752 ms
POST 400 ( /api/student/createstudent ) ( 2023-04-13T11:07:02.505Z ) 5.348 ms
POST 400 ( /api/student/createstudent ) ( 2023-04-13T11:07:02.518Z ) 12.227 ms
POST 400 ( /api/student/createstudent ) ( 2023-04-13T11:07:02.519Z ) 6.820 ms
POST 400 ( /api/student/createstudent ) ( 2023-04-13T11:07:02.520Z ) 10.867 ms
POST 400 ( /api/student/createstudent ) ( 2023-04-13T11:07:02.520Z ) 4.982 ms
POST 400 ( /api/student/createstudent ) ( 2023-04-13T11:07:02.593Z ) 74.754 ms
POST 400 ( /api/student/createstudent ) ( 2023-04-13T11:07:02.601Z ) 83.567 ms
POST 400 ( /api/student/createstudent ) ( 2023-04-13T11:07:02.608Z ) 76.263 ms
POST 400 ( /api/student/createstudent ) ( 2023-04-13T11:07:02.609Z ) 72.049 ms
POST 400 ( /api/student/createstudent ) ( 2023-04-13T11:07:02.611Z ) 69.263 ms
POST 400 ( /api/student/createstudent ) ( 2023-04-13T11:07:02.612Z ) 52.825 ms
POST 400 ( /api/student/createstudent ) ( 2023-04-13T11:07:02.618Z ) 13.444 ms
POST 400 ( /api/student/createstudent ) ( 2023-04-13T11:07:02.638Z ) 20.000 ms
POST 400 ( /api/student/createstudent ) ( 2023-04-13T11:07:02.642Z ) 19.611 ms
POST 400 ( /api/student/createstudent ) ( 2023-04-13T11:07:02.646Z ) 22.841 ms
POST 400 ( /api/student/createstudent ) ( 2023-04-13T11:07:02.670Z ) 46.275 ms
POST 400 ( /api/student/createstudent ) ( 2023-04-13T11:07:02.673Z ) 58.233 ms
POST 400 ( /api/student/createstudent ) ( 2023-04-13T11:07:02.691Z ) 64.481 ms
POST 400 ( /api/student/createstudent ) ( 2023-04-13T11:07:02.702Z ) 51.869 ms
POST 400 ( /api/student/createstudent ) ( 2023-04-13T11:07:02.708Z ) 53.590 ms
POST 400 ( /api/student/createstudent ) ( 2023-04-13T11:07:02.710Z ) 43.134 ms
POST 400 ( /api/student/createstudent ) ( 2023-04-13T11:07:02.719Z ) 37.915 ms
POST 400 ( /api/student/createstudent ) ( 2023-04-13T11:07:02.723Z ) 48.145 ms
POST 400 ( /api/student/createstudent ) ( 2023-04-13T11:07:02.745Z ) 47.031 ms
POST 400 ( /api/student/createstudent ) ( 2023-04-13T11:07:02.801Z ) 95.280 ms
POST 400 ( /api/student/createstudent ) ( 2023-04-13T11:07:02.809Z ) 93.896 ms
POST 400 ( /api/student/createstudent ) ( 2023-04-13T11:07:02.811Z ) 88.812 ms
POST 400 ( /api/student/createstudent ) ( 2023-04-13T11:07:02.820Z ) 101.810 ms
POST 400 ( /api/student/createstudent ) ( 2023-04-13T11:07:02.854Z ) 57.916 ms
POST 400 ( /api/student/createstudent ) ( 2023-04-13T11:07:02.857Z ) 94.783 ms
POST 400 ( /api/student/createstudent ) ( 2023-04-13T11:07:02.863Z ) 30.039 ms
POST 400 ( /api/student/createstudent ) ( 2023-04-13T11:07:02.865Z ) 39.693 ms
POST 400 ( /api/student/createstudent ) ( 2023-04-13T11:07:02.865Z ) 29.115 ms
POST 400 ( /api/student/createstudent ) ( 2023-04-13T11:07:02.868Z ) 25.050 ms
POST 400 ( /api/student/createstudent ) ( 2023-04-13T11:07:02.888Z ) 26.766 ms
POST 400 ( /api/student/createstudent ) ( 2023-04-13T11:07:02.893Z ) 20.497 ms
POST 400 ( /api/student/createstudent ) ( 2023-04-13T11:07:02.894Z ) 34.560 ms
POST 400 ( /api/student/createstudent ) ( 2023-04-13T11:07:02.895Z ) 21.585 ms
POST 400 ( /api/student/createstudent ) ( 2023-04-13T11:07:02.897Z ) 18.421 ms
POST 400 ( /api/student/createstudent ) ( 2023-04-13T11:07:02.910Z ) 9.539 ms
POST 400 ( /api/student/createstudent ) ( 2023-04-13T11:07:02.911Z ) 21.171 ms
POST 400 ( /api/student/createstudent ) ( 2023-04-13T11:07:02.913Z ) 9.316 ms
POST 400 ( /api/student/createstudent ) ( 2023-04-13T11:07:02.917Z ) 11.207 ms
POST 400 ( /api/student/createstudent ) ( 2023-04-13T11:07:02.927Z ) 19.659 ms
POST 400 ( /api/student/createstudent ) ( 2023-04-13T11:07:02.928Z ) 29.586 ms
POST 400 ( /api/student/createstudent ) ( 2023-04-13T11:07:02.933Z ) 7.480 ms
POST 400 ( /api/student/createstudent ) ( 2023-04-13T11:07:02.936Z ) 16.556 ms
POST 400 ( /api/student/createstudent ) ( 2023-04-13T11:07:02.937Z ) 14.148 ms
POST 400 ( /api/student/createstudent ) ( 2023-04-13T11:07:02.937Z ) 8.239 ms
POST 400 ( /api/student/createstudent ) ( 2023-04-13T11:07:02.946Z ) 2.443 ms
POST 400 ( /api/student/createstudent ) ( 2023-04-13T11:07:02.947Z ) 1.783 ms
POST 400 ( /api/student/createstudent ) ( 2023-04-13T11:07:02.949Z ) 17.291 ms
POST 400 ( /api/student/createstudent ) ( 2023-04-13T11:07:02.954Z ) 11.776 ms
POST 400 ( /api/student/createstudent ) ( 2023-04-13T11:07:02.955Z ) 15.445 ms
POST 400 ( /api/student/createstudent ) ( 2023-04-13T11:07:02.966Z ) 29.901 ms
POST 400 ( /api/student/createstudent ) ( 2023-04-13T11:07:02.968Z ) 5.478 ms
POST 400 ( /api/student/createstudent ) ( 2023-04-13T11:07:02.970Z ) 18.972 ms
POST 400 ( /api/student/createstudent ) ( 2023-04-13T11:07:02.973Z ) 23.360 ms
POST 400 ( /api/student/createstudent ) ( 2023-04-13T11:07:02.974Z ) 21.348 ms
POST 400 ( /api/student/createstudent ) ( 2023-04-13T11:07:02.983Z ) 23.257 ms
POST 400 ( /api/student/createstudent ) ( 2023-04-13T11:07:03.015Z ) 45.116 ms
POST 400 ( /api/student/createstudent ) ( 2023-04-13T11:07:03.018Z ) 43.926 ms
POST 400 ( /api/student/createstudent ) ( 2023-04-13T11:07:03.025Z ) 33.848 ms
POST 400 ( /api/student/createstudent ) ( 2023-04-13T11:07:03.026Z ) 50.126 ms
POST 400 ( /api/student/createstudent ) ( 2023-04-13T11:07:03.049Z ) 47.576 ms
POST 400 ( /api/student/createstudent ) ( 2023-04-13T11:07:03.051Z ) 42.418 ms
POST 400 ( /api/student/createstudent ) ( 2023-04-13T11:07:03.065Z ) 24.219 ms
POST 400 ( /api/student/createstudent ) ( 2023-04-13T11:07:03.070Z ) 35.328 ms
POST 400 ( /api/student/createstudent ) ( 2023-04-13T11:07:03.072Z ) 27.090 ms
POST 400 ( /api/student/createstudent ) ( 2023-04-13T11:07:03.094Z ) 36.097 ms
POST 400 ( /api/student/createstudent ) ( 2023-04-13T11:07:03.102Z ) 40.081 ms
POST 400 ( /api/student/createstudent ) ( 2023-04-13T11:07:03.120Z ) 33.291 ms
POST 400 ( /api/student/createstudent ) ( 2023-04-13T11:07:03.121Z ) 46.653 ms
POST 400 ( /api/student/createstudent ) ( 2023-04-13T11:07:03.124Z ) 38.617 ms
POST 400 ( /api/student/createstudent ) ( 2023-04-13T11:07:03.126Z ) 38.193 ms
POST 400 ( /api/student/createstudent ) ( 2023-04-13T11:07:03.127Z ) 19.570 ms
POST 400 ( /api/student/createstudent ) ( 2023-04-13T11:07:03.131Z ) 26.445 ms
OPTIONS 200 ( /api/student/createstudent ) ( 2023-04-13T11:08:02.568Z ) 0.259 ms
OPTIONS 200 ( /api/student/createstudent ) ( 2023-04-13T11:08:02.569Z ) 0.199 ms
OPTIONS 200 ( /api/student/createstudent ) ( 2023-04-13T11:08:02.575Z ) 0.180 ms
POST 200 ( /api/student/createstudent ) ( 2023-04-13T11:08:02.671Z ) 87.585 ms
POST 400 ( /api/student/createstudent ) ( 2023-04-13T11:08:02.680Z ) 6.098 ms
POST 400 ( /api/student/createstudent ) ( 2023-04-13T11:08:02.688Z ) 5.099 ms
POST 400 ( /api/student/createstudent ) ( 2023-04-13T11:08:02.704Z ) 12.209 ms
POST 400 ( /api/student/createstudent ) ( 2023-04-13T11:08:02.722Z ) 14.924 ms
POST 400 ( /api/student/createstudent ) ( 2023-04-13T11:08:02.735Z ) 3.708 ms
POST 400 ( /api/student/createstudent ) ( 2023-04-13T11:08:02.741Z ) 2.966 ms
POST 400 ( /api/student/createstudent ) ( 2023-04-13T11:08:02.752Z ) 4.016 ms
POST 400 ( /api/student/createstudent ) ( 2023-04-13T11:08:02.766Z ) 11.651 ms
POST 500 ( /api/student/createstudent ) ( 2023-04-13T11:08:02.772Z ) 185.641 ms
POST 400 ( /api/student/createstudent ) ( 2023-04-13T11:08:02.787Z ) 7.624 ms
POST 500 ( /api/student/createstudent ) ( 2023-04-13T11:08:02.788Z ) 193.596 ms
POST 500 ( /api/student/createstudent ) ( 2023-04-13T11:08:02.789Z ) 198.185 ms
POST 500 ( /api/student/createstudent ) ( 2023-04-13T11:08:02.791Z ) 190.901 ms
POST 500 ( /api/student/createstudent ) ( 2023-04-13T11:08:02.791Z ) 205.809 ms
POST 400 ( /api/student/createstudent ) ( 2023-04-13T11:08:02.792Z ) 8.919 ms
POST 400 ( /api/student/createstudent ) ( 2023-04-13T11:08:02.821Z ) 15.125 ms
POST 400 ( /api/student/createstudent ) ( 2023-04-13T11:08:02.827Z ) 31.732 ms
POST 400 ( /api/student/createstudent ) ( 2023-04-13T11:08:02.828Z ) 15.487 ms
POST 400 ( /api/student/createstudent ) ( 2023-04-13T11:08:02.829Z ) 14.373 ms
POST 400 ( /api/student/createstudent ) ( 2023-04-13T11:08:02.830Z ) 13.544 ms
POST 400 ( /api/student/createstudent ) ( 2023-04-13T11:08:02.831Z ) 11.323 ms
POST 400 ( /api/student/createstudent ) ( 2023-04-13T11:08:02.847Z ) 12.397 ms
POST 400 ( /api/student/createstudent ) ( 2023-04-13T11:08:02.848Z ) 11.847 ms
POST 400 ( /api/student/createstudent ) ( 2023-04-13T11:08:02.849Z ) 17.190 ms
POST 400 ( /api/student/createstudent ) ( 2023-04-13T11:08:02.850Z ) 9.312 ms
POST 400 ( /api/student/createstudent ) ( 2023-04-13T11:08:02.850Z ) 7.100 ms
POST 400 ( /api/student/createstudent ) ( 2023-04-13T11:08:02.855Z ) 8.386 ms
POST 400 ( /api/student/createstudent ) ( 2023-04-13T11:08:02.913Z ) 55.710 ms
POST 400 ( /api/student/createstudent ) ( 2023-04-13T11:08:02.915Z ) 45.069 ms
POST 400 ( /api/student/createstudent ) ( 2023-04-13T11:08:02.917Z ) 22.507 ms
POST 400 ( /api/student/createstudent ) ( 2023-04-13T11:08:02.921Z ) 21.919 ms
POST 400 ( /api/student/createstudent ) ( 2023-04-13T11:08:02.922Z ) 22.731 ms
POST 400 ( /api/student/createstudent ) ( 2023-04-13T11:08:02.938Z ) 33.324 ms
POST 400 ( /api/student/createstudent ) ( 2023-04-13T11:08:02.945Z ) 20.254 ms
POST 400 ( /api/student/createstudent ) ( 2023-04-13T11:08:02.947Z ) 16.794 ms
POST 400 ( /api/student/createstudent ) ( 2023-04-13T11:08:02.952Z ) 15.199 ms
POST 400 ( /api/student/createstudent ) ( 2023-04-13T11:08:02.959Z ) 19.606 ms
POST 400 ( /api/student/createstudent ) ( 2023-04-13T11:08:02.983Z ) 40.443 ms
POST 400 ( /api/student/createstudent ) ( 2023-04-13T11:08:02.997Z ) 24.251 ms
POST 400 ( /api/student/createstudent ) ( 2023-04-13T11:08:03.002Z ) 34.342 ms
POST 400 ( /api/student/createstudent ) ( 2023-04-13T11:08:03.004Z ) 33.631 ms
POST 400 ( /api/student/createstudent ) ( 2023-04-13T11:08:03.009Z ) 32.691 ms
POST 400 ( /api/student/createstudent ) ( 2023-04-13T11:08:03.015Z ) 37.640 ms
POST 400 ( /api/student/createstudent ) ( 2023-04-13T11:08:03.060Z ) 67.964 ms
POST 400 ( /api/student/createstudent ) ( 2023-04-13T11:08:03.069Z ) 50.051 ms
POST 400 ( /api/student/createstudent ) ( 2023-04-13T11:08:03.077Z ) 44.556 ms
POST 400 ( /api/student/createstudent ) ( 2023-04-13T11:08:03.079Z ) 41.337 ms
POST 400 ( /api/student/createstudent ) ( 2023-04-13T11:08:03.083Z ) 36.725 ms
POST 400 ( /api/student/createstudent ) ( 2023-04-13T11:08:03.086Z ) 34.817 ms
POST 400 ( /api/student/createstudent ) ( 2023-04-13T11:08:03.116Z ) 51.899 ms
POST 400 ( /api/student/createstudent ) ( 2023-04-13T11:08:03.128Z ) 34.826 ms
POST 400 ( /api/student/createstudent ) ( 2023-04-13T11:08:03.130Z ) 32.216 ms
POST 400 ( /api/student/createstudent ) ( 2023-04-13T11:08:03.130Z ) 30.432 ms
POST 400 ( /api/student/createstudent ) ( 2023-04-13T11:08:03.132Z ) 27.628 ms
POST 400 ( /api/student/createstudent ) ( 2023-04-13T11:08:03.143Z ) 22.589 ms
POST 400 ( /api/student/createstudent ) ( 2023-04-13T11:08:03.164Z ) 30.212 ms
POST 400 ( /api/student/createstudent ) ( 2023-04-13T11:08:03.166Z ) 41.812 ms
POST 400 ( /api/student/createstudent ) ( 2023-04-13T11:08:03.169Z ) 31.382 ms
POST 400 ( /api/student/createstudent ) ( 2023-04-13T11:08:03.170Z ) 29.896 ms
POST 400 ( /api/student/createstudent ) ( 2023-04-13T11:08:03.193Z ) 39.398 ms
POST 400 ( /api/student/createstudent ) ( 2023-04-13T11:08:03.201Z ) 17.834 ms
POST 400 ( /api/student/createstudent ) ( 2023-04-13T11:08:03.202Z ) 16.726 ms
POST 400 ( /api/student/createstudent ) ( 2023-04-13T11:08:03.205Z ) 16.265 ms
POST 400 ( /api/student/createstudent ) ( 2023-04-13T11:08:03.206Z ) 17.696 ms
POST 400 ( /api/student/createstudent ) ( 2023-04-13T11:08:03.217Z ) 22.849 ms
POST 400 ( /api/student/createstudent ) ( 2023-04-13T11:08:03.238Z ) 37.360 ms
POST 400 ( /api/student/createstudent ) ( 2023-04-13T11:08:03.248Z ) 32.516 ms
POST 400 ( /api/student/createstudent ) ( 2023-04-13T11:08:03.260Z ) 38.380 ms
POST 400 ( /api/student/createstudent ) ( 2023-04-13T11:08:03.281Z ) 61.441 ms
POST 400 ( /api/student/createstudent ) ( 2023-04-13T11:08:03.282Z ) 71.754 ms
POST 400 ( /api/student/createstudent ) ( 2023-04-13T11:08:03.284Z ) 6.631 ms
POST 400 ( /api/student/createstudent ) ( 2023-04-13T11:08:03.287Z ) 11.666 ms
POST 400 ( /api/student/createstudent ) ( 2023-04-13T11:08:03.291Z ) 21.370 ms
POST 400 ( /api/student/createstudent ) ( 2023-04-13T11:08:03.295Z ) 14.746 ms
POST 400 ( /api/student/createstudent ) ( 2023-04-13T11:08:03.328Z ) 25.538 ms
POST 400 ( /api/student/createstudent ) ( 2023-04-13T11:08:03.330Z ) 28.297 ms
POST 400 ( /api/student/createstudent ) ( 2023-04-13T11:08:03.333Z ) 28.735 ms
POST 400 ( /api/student/createstudent ) ( 2023-04-13T11:08:03.337Z ) 29.592 ms
POST 400 ( /api/student/createstudent ) ( 2023-04-13T11:08:03.353Z ) 38.714 ms
POST 400 ( /api/student/createstudent ) ( 2023-04-13T11:08:03.354Z ) 35.749 ms
POST 400 ( /api/student/createstudent ) ( 2023-04-13T11:08:03.355Z ) 10.091 ms
POST 400 ( /api/student/createstudent ) ( 2023-04-13T11:08:03.356Z ) 14.297 ms
POST 400 ( /api/student/createstudent ) ( 2023-04-13T11:08:03.356Z ) 8.312 ms
POST 400 ( /api/student/createstudent ) ( 2023-04-13T11:08:03.384Z ) 22.939 ms
POST 400 ( /api/student/createstudent ) ( 2023-04-13T11:08:03.398Z ) 34.757 ms
POST 400 ( /api/student/createstudent ) ( 2023-04-13T11:08:03.400Z ) 48.628 ms
POST 400 ( /api/student/createstudent ) ( 2023-04-13T11:08:03.401Z ) 34.011 ms
POST 400 ( /api/student/createstudent ) ( 2023-04-13T11:08:03.401Z ) 36.137 ms
POST 400 ( /api/student/createstudent ) ( 2023-04-13T11:08:03.405Z ) 37.119 ms
POST 400 ( /api/student/createstudent ) ( 2023-04-13T11:08:03.418Z ) 28.745 ms
POST 400 ( /api/student/createstudent ) ( 2023-04-13T11:08:03.419Z ) 6.366 ms
POST 400 ( /api/student/createstudent ) ( 2023-04-13T11:08:03.428Z ) 16.756 ms
POST 400 ( /api/student/createstudent ) ( 2023-04-13T11:08:03.429Z ) 22.416 ms
POST 400 ( /api/student/createstudent ) ( 2023-04-13T11:08:03.436Z ) 27.407 ms
POST 400 ( /api/student/createstudent ) ( 2023-04-13T11:08:03.438Z ) 34.835 ms
POST 400 ( /api/student/createstudent ) ( 2023-04-13T11:08:03.439Z ) 6.416 ms
POST 400 ( /api/student/createstudent ) ( 2023-04-13T11:08:03.439Z ) 16.648 ms
POST 400 ( /api/student/createstudent ) ( 2023-04-13T11:08:03.440Z ) 18.523 ms
POST 400 ( /api/student/createstudent ) ( 2023-04-13T11:08:03.454Z ) 19.737 ms
POST 400 ( /api/student/createstudent ) ( 2023-04-13T11:08:03.461Z ) 17.950 ms
POST 400 ( /api/student/createstudent ) ( 2023-04-13T11:08:03.462Z ) 12.406 ms
POST 400 ( /api/student/createstudent ) ( 2023-04-13T11:08:03.463Z ) 12.447 ms
POST 400 ( /api/student/createstudent ) ( 2023-04-13T11:08:03.469Z ) 21.860 ms
OPTIONS 200 ( /api/student/createstudent ) ( 2023-04-13T11:10:30.934Z ) 0.380 ms
OPTIONS 200 ( /api/student/createstudent ) ( 2023-04-13T11:10:30.936Z ) 0.309 ms
POST 400 ( /api/student/createstudent ) ( 2023-04-13T11:10:30.986Z ) 46.470 ms
POST 400 ( /api/student/createstudent ) ( 2023-04-13T11:10:30.987Z ) 45.907 ms
OPTIONS 200 ( /api/student/createstudent ) ( 2023-04-13T11:10:38.448Z ) 0.255 ms
OPTIONS 200 ( /api/student/createstudent ) ( 2023-04-13T11:10:38.453Z ) 0.243 ms
POST 400 ( /api/student/createstudent ) ( 2023-04-13T11:10:38.468Z ) 10.161 ms
POST 400 ( /api/student/createstudent ) ( 2023-04-13T11:10:38.469Z ) 13.512 ms
OPTIONS 200 ( /api/student/createstudent ) ( 2023-04-13T11:10:53.525Z ) 0.236 ms
OPTIONS 200 ( /api/student/createstudent ) ( 2023-04-13T11:10:53.526Z ) 0.162 ms
POST 200 ( /api/student/createstudent ) ( 2023-04-13T11:10:53.546Z ) 11.865 ms
POST 500 ( /api/student/createstudent ) ( 2023-04-13T11:10:53.549Z ) 17.933 ms
OPTIONS 200 ( /api/student/createstudent ) ( 2023-04-13T11:13:25.462Z ) 0.222 ms
POST 200 ( /api/student/createstudent ) ( 2023-04-13T11:13:25.470Z ) 5.072 ms
OPTIONS 200 ( /api/student/createstudent ) ( 2023-04-13T11:13:35.798Z ) 0.213 ms
POST 400 ( /api/student/createstudent ) ( 2023-04-13T11:13:35.804Z ) 1.862 ms
OPTIONS 200 ( /api/user/login ) ( 2023-04-13T18:08:25.293Z ) 3.157 ms
POST 200 ( /api/user/login ) ( 2023-04-13T18:08:25.483Z ) 175.850 ms
OPTIONS 200 ( /api/user/login ) ( 2023-04-13T18:27:08.025Z ) 0.589 ms
POST 200 ( /api/user/login ) ( 2023-04-13T18:27:08.131Z ) 102.549 ms
OPTIONS 200 ( /api/user/login ) ( 2023-04-13T18:32:26.631Z ) 0.411 ms
POST 200 ( /api/user/login ) ( 2023-04-13T18:32:26.737Z ) 102.449 ms
OPTIONS 200 ( /api/student/createstudent ) ( 2023-04-13T18:41:54.372Z ) 0.531 ms
POST 400 ( /api/student/createstudent ) ( 2023-04-13T18:41:54.380Z ) 5.281 ms
POST 400 ( /api/student/createstudent ) ( 2023-04-13T18:41:58.541Z ) 3.670 ms
OPTIONS 200 ( /api/student/createstudent ) ( 2023-04-13T18:42:04.255Z ) 0.551 ms
POST 400 ( /api/student/createstudent ) ( 2023-04-13T18:42:04.262Z ) 4.376 ms
POST 400 ( /api/student/createstudent ) ( 2023-04-13T18:42:08.409Z ) 3.261 ms
OPTIONS 200 ( /api/student/createstudent ) ( 2023-04-13T18:42:11.339Z ) 0.491 ms
POST 400 ( /api/student/createstudent ) ( 2023-04-13T18:42:11.345Z ) 3.072 ms
POST 400 ( /api/student/createstudent ) ( 2023-04-13T18:42:13.976Z ) 3.937 ms
